<?xml version="1.0" encoding="UTF-8"?>
<testsuite name="TestSuite" time="621.137" tests="6" errors="0" skipped="0" failures="2">
  <properties>
[...]
</properties>
  <testcase name="test" classname="com.browserstack.SingleTest" time="299.953">
    <failure message="Error communicating with the remote browser. It may have died.&#10;Build info: version: &apos;3.12.0&apos;, revision: &apos;7c6e0b3&apos;, time: &apos;2018-05-08T14:04:26.12Z&apos;&#10;System info: host: &apos;DESKTOP-2VOUIIE&apos;, ip: &apos;192.168.1.103&apos;, os.name: &apos;Windows 10&apos;, os.arch: &apos;amd64&apos;, os.version: &apos;10.0&apos;, java.version: &apos;13.0.2&apos;&#10;Driver info: driver.version: RemoteWebDriver&#10;Capabilities {acceptInsecureCerts: false, browserName: Safari, browserVersion: 14.1.1, javascriptEnabled: true, platform: MAC, platformName: MAC, safari:automaticInspection: false, safari:automaticProfiling: false, safari:diagnose: false, safari:platformBuildVersion: 20F71, safari:platformVersion: 11.4, safari:useSimulator: false, setWindowRect: true, strictFileInteractability: false, webdriver.remote.sessionid: 3664d37416b5222d2173f405d72..., webkit:WebRTC: {DisableICECandidateFiltering: false, DisableInsecureMediaCapture: false}}&#10;Session ID: 3664d37416b5222d2173f405d72f30ff22d8c749" type="org.openqa.selenium.remote.UnreachableBrowserException">org.openqa.selenium.remote.UnreachableBrowserException: Error communicating with the remote browser. It may have died.
Build info: version: '3.12.0', revision: '7c6e0b3', time: '2018-05-08T14:04:26.12Z'
System info: host: 'DESKTOP-2VOUIIE', ip: '192.168.1.103', os.name: 'Windows 10', os.arch: 'amd64', os.version: '10.0', java.version: '13.0.2'
Driver info: driver.version: RemoteWebDriver
Capabilities {acceptInsecureCerts: false, browserName: Safari, browserVersion: 14.1.1, javascriptEnabled: true, platform: MAC, platformName: MAC, safari:automaticInspection: false, safari:automaticProfiling: false, safari:diagnose: false, safari:platformBuildVersion: 20F71, safari:platformVersion: 11.4, safari:useSimulator: false, setWindowRect: true, strictFileInteractability: false, webdriver.remote.sessionid: 3664d37416b5222d2173f405d72..., webkit:WebRTC: {DisableICECandidateFiltering: false, DisableInsecureMediaCapture: false}}
Session ID: 3664d37416b5222d2173f405d72f30ff22d8c749
	at okio.RealBufferedSource.readUtf8LineStrict(RealBufferedSource.java:227)
	at okhttp3.internal.http1.Http1Codec.readHeaderLine(Http1Codec.java:212)
	at okhttp3.internal.http1.Http1Codec.readResponseHeaders(Http1Codec.java:189)
	at okhttp3.internal.http.CallServerInterceptor.intercept(CallServerInterceptor.java:88)
	at okhttp3.internal.http.RealInterceptorChain.proceed(RealInterceptorChain.java:147)
	at okhttp3.internal.connection.ConnectInterceptor.intercept(ConnectInterceptor.java:45)
	at okhttp3.internal.http.RealInterceptorChain.proceed(RealInterceptorChain.java:147)
	at okhttp3.internal.http.RealInterceptorChain.proceed(RealInterceptorChain.java:121)
	at okhttp3.internal.cache.CacheInterceptor.intercept(CacheInterceptor.java:93)
	at okhttp3.internal.http.RealInterceptorChain.proceed(RealInterceptorChain.java:147)
	at okhttp3.internal.http.RealInterceptorChain.proceed(RealInterceptorChain.java:121)
	at okhttp3.internal.http.BridgeInterceptor.intercept(BridgeInterceptor.java:93)
	at okhttp3.internal.http.RealInterceptorChain.proceed(RealInterceptorChain.java:147)
	at okhttp3.internal.http.RetryAndFollowUpInterceptor.intercept(RetryAndFollowUpInterceptor.java:125)
	at okhttp3.internal.http.RealInterceptorChain.proceed(RealInterceptorChain.java:147)
	at okhttp3.internal.http.RealInterceptorChain.proceed(RealInterceptorChain.java:121)
	at okhttp3.RealCall.getResponseWithInterceptorChain(RealCall.java:200)
	at okhttp3.RealCall.execute(RealCall.java:77)
	at org.openqa.selenium.remote.internal.OkHttpClient.execute(OkHttpClient.java:105)
	at org.openqa.selenium.remote.HttpCommandExecutor.execute(HttpCommandExecutor.java:155)
	at org.openqa.selenium.remote.RemoteWebDriver.execute(RemoteWebDriver.java:543)
	at org.openqa.selenium.remote.RemoteWebDriver.execute(RemoteWebDriver.java:600)
	at org.openqa.selenium.remote.RemoteWebDriver.getTitle(RemoteWebDriver.java:275)
	at com.browserstack.SingleTest.test(SingleTest.java:42)
</failure>
    <system-out><![CDATA[Title of the page is: Home page
Current URL is: http://18.134.60.157/
Title of the page is: Home page
Current URL is: http://18.134.60.157/
6
6
Title of the page is: Home page
Current URL is: http://18.134.60.157/
6
Title of the page is: Home page
Current URL is: http://18.134.60.157/
6
Title of the page is: Home page
Current URL is: http://18.134.60.157/
6
]]></system-out>
    <system-err><![CDATA[SLF4J: Failed to load class "org.slf4j.impl.StaticLoggerBinder".
SLF4J: Defaulting to no-operation (NOP) logger implementation
SLF4J: See http://www.slf4j.org/codes.html#StaticLoggerBinder for further details.
Jul 18, 2021 8:26:52 PM org.openqa.selenium.remote.ProtocolHandshake createSession
INFO: Detected dialect: OSS
Jul 18, 2021 8:26:53 PM org.openqa.selenium.remote.ProtocolHandshake createSession
INFO: Detected dialect: OSS
Jul 18, 2021 8:26:53 PM org.openqa.selenium.remote.ProtocolHandshake createSession
INFO: Detected dialect: OSS
Jul 18, 2021 8:26:57 PM org.openqa.selenium.remote.ProtocolHandshake createSession
INFO: Detected dialect: W3C
Jul 18, 2021 8:26:57 PM org.openqa.selenium.remote.ProtocolHandshake createSession
INFO: Detected dialect: OSS
]]></system-err>
  </testcase>
  <testcase name="test" classname="com.browserstack.SingleTest" time="354.313"/>
  <testcase name="test" classname="com.browserstack.SingleTest" time="389.569"/>
  <testcase name="test" classname="com.browserstack.SingleTest" time="390.565"/>
  <testcase name="test" classname="com.browserstack.SingleTest" time="417.754"/>
  <testcase name="tearDown" classname="com.browserstack.SingleTest" time="321.184">
    <failure message="Error communicating with the remote browser. It may have died.&#10;Build info: version: &apos;3.12.0&apos;, revision: &apos;7c6e0b3&apos;, time: &apos;2018-05-08T14:04:26.12Z&apos;&#10;System info: host: &apos;DESKTOP-2VOUIIE&apos;, ip: &apos;192.168.1.103&apos;, os.name: &apos;Windows 10&apos;, os.arch: &apos;amd64&apos;, os.version: &apos;10.0&apos;, java.version: &apos;13.0.2&apos;&#10;Driver info: driver.version: RemoteWebDriver&#10;Capabilities {acceptInsecureCerts: false, browserName: Safari, browserVersion: 14.1.1, javascriptEnabled: true, platform: MAC, platformName: MAC, safari:automaticInspection: false, safari:automaticProfiling: false, safari:diagnose: false, safari:platformBuildVersion: 20F71, safari:platformVersion: 11.4, safari:useSimulator: false, setWindowRect: true, strictFileInteractability: false, webdriver.remote.sessionid: 3664d37416b5222d2173f405d72..., webkit:WebRTC: {DisableICECandidateFiltering: false, DisableInsecureMediaCapture: false}}&#10;Session ID: 3664d37416b5222d2173f405d72f30ff22d8c749" type="org.openqa.selenium.remote.UnreachableBrowserException">org.openqa.selenium.remote.UnreachableBrowserException: Error communicating with the remote browser. It may have died.
Build info: version: '3.12.0', revision: '7c6e0b3', time: '2018-05-08T14:04:26.12Z'
System info: host: 'DESKTOP-2VOUIIE', ip: '192.168.1.103', os.name: 'Windows 10', os.arch: 'amd64', os.version: '10.0', java.version: '13.0.2'
Driver info: driver.version: RemoteWebDriver
Capabilities {acceptInsecureCerts: false, browserName: Safari, browserVersion: 14.1.1, javascriptEnabled: true, platform: MAC, platformName: MAC, safari:automaticInspection: false, safari:automaticProfiling: false, safari:diagnose: false, safari:platformBuildVersion: 20F71, safari:platformVersion: 11.4, safari:useSimulator: false, setWindowRect: true, strictFileInteractability: false, webdriver.remote.sessionid: 3664d37416b5222d2173f405d72..., webkit:WebRTC: {DisableICECandidateFiltering: false, DisableInsecureMediaCapture: false}}
Session ID: 3664d37416b5222d2173f405d72f30ff22d8c749
	at org.openqa.selenium.remote.RemoteWebDriver.execute(RemoteWebDriver.java:564)
	at org.openqa.selenium.remote.RemoteWebDriver.execute(RemoteWebDriver.java:600)
	at org.openqa.selenium.remote.RemoteWebDriver.quit(RemoteWebDriver.java:443)
	at com.browserstack.BrowserStackTestNGTest.tearDown(BrowserStackTestNGTest.java:73)
	at java.base/jdk.internal.reflect.NativeMethodAccessorImpl.invoke0(Native Method)
	at java.base/jdk.internal.reflect.NativeMethodAccessorImpl.invoke(NativeMethodAccessorImpl.java:62)
	at java.base/jdk.internal.reflect.DelegatingMethodAccessorImpl.invoke(DelegatingMethodAccessorImpl.java:43)
	at java.base/java.lang.reflect.Method.invoke(Method.java:567)
	at org.testng.internal.MethodInvocationHelper.invokeMethod(MethodInvocationHelper.java:86)
	at org.testng.internal.Invoker.invokeConfigurationMethod(Invoker.java:514)
	at org.testng.internal.Invoker.invokeConfigurations(Invoker.java:215)
	at org.testng.internal.Invoker.invokeMethod(Invoker.java:707)
	at org.testng.internal.Invoker.invokeTestMethod(Invoker.java:820)
	at org.testng.internal.Invoker.invokeTestMethods(Invoker.java:1128)
	at org.testng.internal.TestMethodWorker.invokeTestMethods(TestMethodWorker.java:129)
	at org.testng.internal.TestMethodWorker.run(TestMethodWorker.java:112)
	at org.testng.TestRunner.privateRun(TestRunner.java:782)
	at org.testng.TestRunner.run(TestRunner.java:632)
	at org.testng.SuiteRunner.runTest(SuiteRunner.java:366)
	at org.testng.SuiteRunner.access$000(SuiteRunner.java:39)
	at org.testng.SuiteRunner$SuiteWorker.run(SuiteRunner.java:400)
	at org.testng.internal.thread.ThreadUtil$2.call(ThreadUtil.java:64)
	at java.base/java.util.concurrent.FutureTask.run(FutureTask.java:264)
	at java.base/java.util.concurrent.ThreadPoolExecutor.runWorker(ThreadPoolExecutor.java:1128)
	at java.base/java.util.concurrent.ThreadPoolExecutor$Worker.run(ThreadPoolExecutor.java:628)
	at java.base/java.lang.Thread.run(Thread.java:830)
Caused by: java.net.ConnectException: Failed to connect to hub-cloud.browserstack.com/173.234.104.3:80
	at okhttp3.internal.connection.RealConnection.connectSocket(RealConnection.java:240)
	at okhttp3.internal.connection.RealConnection.connect(RealConnection.java:158)
	at okhttp3.internal.connection.StreamAllocation.findConnection(StreamAllocation.java:256)
	at okhttp3.internal.connection.StreamAllocation.findHealthyConnection(StreamAllocation.java:134)
	at okhttp3.internal.connection.StreamAllocation.newStream(StreamAllocation.java:113)
	at okhttp3.internal.connection.ConnectInterceptor.intercept(ConnectInterceptor.java:42)
	at okhttp3.internal.http.RealInterceptorChain.proceed(RealInterceptorChain.java:147)
	at okhttp3.internal.http.RealInterceptorChain.proceed(RealInterceptorChain.java:121)
	at okhttp3.internal.cache.CacheInterceptor.intercept(CacheInterceptor.java:93)
	at okhttp3.internal.http.RealInterceptorChain.proceed(RealInterceptorChain.java:147)
	at okhttp3.internal.http.RealInterceptorChain.proceed(RealInterceptorChain.java:121)
	at okhttp3.internal.http.BridgeInterceptor.intercept(BridgeInterceptor.java:93)
	at okhttp3.internal.http.RealInterceptorChain.proceed(RealInterceptorChain.java:147)
	at okhttp3.internal.http.RetryAndFollowUpInterceptor.intercept(RetryAndFollowUpInterceptor.java:125)
	at okhttp3.internal.http.RealInterceptorChain.proceed(RealInterceptorChain.java:147)
	at okhttp3.internal.http.RealInterceptorChain.proceed(RealInterceptorChain.java:121)
	at okhttp3.RealCall.getResponseWithInterceptorChain(RealCall.java:200)
	at okhttp3.RealCall.execute(RealCall.java:77)
	at org.openqa.selenium.remote.internal.OkHttpClient.execute(OkHttpClient.java:105)
	at org.openqa.selenium.remote.HttpCommandExecutor.execute(HttpCommandExecutor.java:155)
	at org.openqa.selenium.remote.RemoteWebDriver.execute(RemoteWebDriver.java:543)
	at org.openqa.selenium.remote.RemoteWebDriver.execute(RemoteWebDriver.java:600)
	at org.openqa.selenium.remote.RemoteWebDriver.quit(RemoteWebDriver.java:443)
	at com.browserstack.BrowserStackTestNGTest.tearDown(BrowserStackTestNGTest.java:73)
	at java.base/jdk.internal.reflect.NativeMethodAccessorImpl.invoke0(Native Method)
	at java.base/jdk.internal.reflect.NativeMethodAccessorImpl.invoke(NativeMethodAccessorImpl.java:62)
	at java.base/jdk.internal.reflect.DelegatingMethodAccessorImpl.invoke(DelegatingMethodAccessorImpl.java:43)
	at java.base/java.lang.reflect.Method.invoke(Method.java:567)
	at org.testng.internal.MethodInvocationHelper.invokeMethod(MethodInvocationHelper.java:86)
	at org.testng.internal.Invoker.invokeConfigurationMethod(Invoker.java:514)
	at org.testng.internal.Invoker.invokeConfigurations(Invoker.java:215)
	at org.testng.internal.Invoker.invokeMethod(Invoker.java:707)
	at org.testng.internal.Invoker.invokeTestMethod(Invoker.java:820)
	at org.testng.internal.Invoker.invokeTestMethods(Invoker.java:1128)
	at org.testng.internal.TestMethodWorker.invokeTestMethods(TestMethodWorker.java:129)
	at org.testng.internal.TestMethodWorker.run(TestMethodWorker.java:112)
	at org.testng.TestRunner.privateRun(TestRunner.java:782)
	at org.testng.TestRunner.run(TestRunner.java:632)
	at org.testng.SuiteRunner.runTest(SuiteRunner.java:366)
	at org.testng.SuiteRunner.access$000(SuiteRunner.java:39)
	at org.testng.SuiteRunner$SuiteWorker.run(SuiteRunner.java:400)
	at org.testng.internal.thread.ThreadUtil$2.call(ThreadUtil.java:64)
	at java.base/java.util.concurrent.FutureTask.run(FutureTask.java:264)
	at java.base/java.util.concurrent.ThreadPoolExecutor.runWorker(ThreadPoolExecutor.java:1128)
	at java.base/java.util.concurrent.ThreadPoolExecutor$Worker.run(ThreadPoolExecutor.java:628)
	at java.base/java.lang.Thread.run(Thread.java:830)
Caused by: java.net.ConnectException: Connection timed out: no further information
	at java.base/sun.nio.ch.Net.pollConnect(Native Method)
	at java.base/sun.nio.ch.Net.pollConnectNow(Net.java:579)
	at java.base/sun.nio.ch.NioSocketImpl.timedFinishConnect(NioSocketImpl.java:549)
	at java.base/sun.nio.ch.NioSocketImpl.connect(NioSocketImpl.java:597)
	at java.base/java.net.SocksSocketImpl.connect(SocksSocketImpl.java:339)
	at java.base/java.net.Socket.connect(Socket.java:603)
	at okhttp3.internal.platform.Platform.connectSocket(Platform.java:125)
	at okhttp3.internal.connection.RealConnection.connectSocket(RealConnection.java:238)
	at okhttp3.internal.connection.RealConnection.connect(RealConnection.java:158)
	at okhttp3.internal.connection.StreamAllocation.findConnection(StreamAllocation.java:256)
	at okhttp3.internal.connection.StreamAllocation.findHealthyConnection(StreamAllocation.java:134)
	at okhttp3.internal.connection.StreamAllocation.newStream(StreamAllocation.java:113)
	at okhttp3.internal.connection.ConnectInterceptor.intercept(ConnectInterceptor.java:42)
	at okhttp3.internal.http.RealInterceptorChain.proceed(RealInterceptorChain.java:147)
	at okhttp3.internal.http.RealInterceptorChain.proceed(RealInterceptorChain.java:121)
	at okhttp3.internal.cache.CacheInterceptor.intercept(CacheInterceptor.java:93)
	at okhttp3.internal.http.RealInterceptorChain.proceed(RealInterceptorChain.java:147)
	at okhttp3.internal.http.RealInterceptorChain.proceed(RealInterceptorChain.java:121)
	at okhttp3.internal.http.BridgeInterceptor.intercept(BridgeInterceptor.java:93)
	at okhttp3.internal.http.RealInterceptorChain.proceed(RealInterceptorChain.java:147)
	at okhttp3.internal.http.RetryAndFollowUpInterceptor.intercept(RetryAndFollowUpInterceptor.java:125)
	at okhttp3.internal.http.RealInterceptorChain.proceed(RealInterceptorChain.java:147)
	at okhttp3.internal.http.RealInterceptorChain.proceed(RealInterceptorChain.java:121)
	at okhttp3.RealCall.getResponseWithInterceptorChain(RealCall.java:200)
	at okhttp3.RealCall.execute(RealCall.java:77)
	at org.openqa.selenium.remote.internal.OkHttpClient.execute(OkHttpClient.java:105)
	at org.openqa.selenium.remote.HttpCommandExecutor.execute(HttpCommandExecutor.java:155)
	at org.openqa.selenium.remote.RemoteWebDriver.execute(RemoteWebDriver.java:543)
	at org.openqa.selenium.remote.RemoteWebDriver.execute(RemoteWebDriver.java:600)
	at org.openqa.selenium.remote.RemoteWebDriver.quit(RemoteWebDriver.java:443)
	at com.browserstack.BrowserStackTestNGTest.tearDown(BrowserStackTestNGTest.java:73)
	at java.base/jdk.internal.reflect.NativeMethodAccessorImpl.invoke0(Native Method)
	at java.base/jdk.internal.reflect.NativeMethodAccessorImpl.invoke(NativeMethodAccessorImpl.java:62)
	at java.base/jdk.internal.reflect.DelegatingMethodAccessorImpl.invoke(DelegatingMethodAccessorImpl.java:43)
	at java.base/java.lang.reflect.Method.invoke(Method.java:567)
	at org.testng.internal.MethodInvocationHelper.invokeMethod(MethodInvocationHelper.java:86)
	at org.testng.internal.Invoker.invokeConfigurationMethod(Invoker.java:514)
	at org.testng.internal.Invoker.invokeConfigurations(Invoker.java:215)
	at org.testng.internal.Invoker.invokeMethod(Invoker.java:707)
	at org.testng.internal.Invoker.invokeTestMethod(Invoker.java:820)
	at org.testng.internal.Invoker.invokeTestMethods(Invoker.java:1128)
	at org.testng.internal.TestMethodWorker.invokeTestMethods(TestMethodWorker.java:129)
	at org.testng.internal.TestMethodWorker.run(TestMethodWorker.java:112)
	at org.testng.TestRunner.privateRun(TestRunner.java:782)
	at org.testng.TestRunner.run(TestRunner.java:632)
	at org.testng.SuiteRunner.runTest(SuiteRunner.java:366)
	at org.testng.SuiteRunner.access$000(SuiteRunner.java:39)
	at org.testng.SuiteRunner$SuiteWorker.run(SuiteRunner.java:400)
	at org.testng.internal.thread.ThreadUtil$2.call(ThreadUtil.java:64)
	at java.base/java.util.concurrent.FutureTask.run(FutureTask.java:264)
	at java.base/java.util.concurrent.ThreadPoolExecutor.runWorker(ThreadPoolExecutor.java:1128)
	at java.base/java.util.concurrent.ThreadPoolExecutor$Worker.run(ThreadPoolExecutor.java:628)
	at java.base/java.lang.Thread.run(Thread.java:830)
</failure>
  </testcase>
</testsuite>